<?xml version="1.0" encoding="UTF-8"?>
<!-- Generated by org.testng.reporters.JUnitReportReporter -->
<testsuite hostname="cpt-00824" name="tests.CareersApplicationTest" tests="1" failures="0" timestamp="26 Nov 2017 14:22:49 GMT" time="14.606" errors="0">
  <testcase name="runCareerApplicationTest" time="14.606" classname="tests.CareersApplicationTest"/>
</testsuite> <!-- tests.CareersApplicationTest -->
